<?xml version="1.0" encoding="UTF-8"?>
<!-- Generated by org.testng.reporters.JUnitReportReporter -->
<testsuite hostname="DESKTOP-GTQ5E8N" failures="0" tests="1" name="Test.PinPageTest" time="17.359" errors="0" timestamp="2022-06-11T21:47:17 IST" skipped="0">
  <testcase classname="Test.PinPageTest" name="loginWithvalidCredientialsTest" time="17.359"/>
  <system-out/>
</testsuite> <!-- Test.PinPageTest -->
